Arguments: 
  C:\Program Files\nodejs\node.exe C:\Users\Mr Prabhu\AppData\Roaming\npm\node_modules\yarn\bin\yarn.js add react-toastify

PATH: 
  C:\Python311\Scripts\;C:\Python311\;C:\Program Files (x86)\VMware\VMware Workstation\bin\;C:\Program Files\Common Files\Oracle\Java\javapath;C:\WINDOWS\system32;C:\WINDOWS;C:\WINDOWS\System32\Wbem;C:\WINDOWS\System32\WindowsPowerShell\v1.0\;C:\WINDOWS\System32\OpenSSH\;C:\Program Files\dotnet\;C:\Program Files\nodejs\;C:\ProgramData\chocolatey\bin;C:\MinGW\bin;C:\Users\Mr Prabhu\AppData\Local\Microsoft\WindowsApps;C:\Users\Mr Prabhu\AppData\Local\Programs\Microsoft VS Code\bin;C:\Users\Mr Prabhu\AppData\Roaming\npm

Yarn version: 
  1.22.19

Node version: 
  18.13.0

Platform: 
  win32 x64

Trace: 
  Error: EPERM: operation not permitted, copyfile 'C:\Users\Mr Prabhu\AppData\Local\Yarn\Cache\v6\npm-@mui-material-5.11.14-f7e3fb9262d09b801deafd41c22dc2767c198c9d-integrity\node_modules\@mui\material\FormLabel\package.json' -> 'C:\Users\Mr Prabhu\Desktop\React\quiz\node_modules\@mui\material\FormLabel\package.json'

npm manifest: 
  {
    "name": "quiz",
    "version": "0.1.0",
    "private": true,
    "dependencies": {
      "@emotion/react": "^11.10.6",
      "@emotion/styled": "^11.10.6",
      "@material-ui/core": "^4.12.4",
      "@mui/material": "^5.11.10",
      "@testing-library/jest-dom": "^5.16.5",
      "@testing-library/react": "^13.4.0",
      "@testing-library/user-event": "^13.5.0",
      "axios": "^1.3.3",
      "react": "^18.2.0",
      "react-dom": "^18.2.0",
      "react-hooks": "^1.0.1",
      "react-router-dom": "^6.8.1",
      "react-scripts": "5.0.1",
      "web-vitals": "^2.1.4"
    },
    "scripts": {
      "start": "react-scripts start",
      "build": "react-scripts build",
      "test": "react-scripts test",
      "eject": "react-scripts eject"
    },
    "eslintConfig": {
      "extends": [
        "react-app",
        "react-app/jest"
      ]
    },
    "browserslist": {
      "production": [
        ">0.2%",
        "not dead",
        "not op_mini all"
      ],
      "development": [
        "last 1 chrome version",
        "last 1 firefox version",
        "last 1 safari version"
      ]
    }
  }

yarn manifest: 
  No manifest

Lockfile: 
  No lockfile
